<?xml version="1.0" encoding="UTF-8"?>
<!-- Generated by org.testng.reporters.JUnitReportReporter -->
<testsuite skipped="0" hostname="DAL-7CON073-9W7" name="Testcases.Loginapplication" tests="1" failures="0" timestamp="14 May 2019 09:43:42 GMT" time="90.907" errors="0">
  <testcase name="Login" time="90.907" classname="Testcases.Loginapplication"/>
</testsuite> <!-- Testcases.Loginapplication -->
